# This is the CMakeCache file.
# For build in directory: /Users/rakshakonanur/Documents/Research/Organoid-Project/coupled-multi-organoid-model/clones/svVascularize/tmp/solver-0d
# It was generated by CMake: /private/var/folders/w9/1m4r7w0n2sd_91m1gr6yykqc0000gn/T/pip-build-env-oy4jkggb/overlay/lib/python3.11/site-packages/cmake/data/bin/cmake
# You can edit this file to change values found and used by cmake.
# If you do not want to change any of the values, simply exit the editor.
# If you do want to change a value, simply edit, save, and exit the editor.
# The syntax for the file is as follows:
# KEY:TYPE=VALUE
# KEY is the name of a variable in the cache.
# TYPE is a hint to GUIs for the type of VALUE, DO NOT EDIT TYPE!.
# VALUE is the current value for the KEY.

########################
# EXTERNAL cache entries
########################

//pybind11_json test suite
BUILD_TESTS:BOOL=OFF

//The directory relative to CMAKE_INSTALL_PREFIX where Eigen3Config.cmake
// is installed
CMAKEPACKAGE_INSTALL_DIR:PATH=share/eigen3/cmake

//Path to a program.
CMAKE_ADDR2LINE:FILEPATH=CMAKE_ADDR2LINE-NOTFOUND

//Path to a program.
CMAKE_AR:FILEPATH=/Library/Developer/CommandLineTools/usr/bin/ar

//Choose the type of build, options are: None Debug Release RelWithDebInfo
// MinSizeRel ...
CMAKE_BUILD_TYPE:STRING=Release

//Enable/Disable color output during build.
CMAKE_COLOR_MAKEFILE:BOOL=ON

//CXX compiler
CMAKE_CXX_COMPILER:STRING=/Library/Developer/CommandLineTools/usr/bin/clang++

//Flags used by the CXX compiler during all build types.
CMAKE_CXX_FLAGS:STRING=

//Flags used by the CXX compiler during DEBUG builds.
CMAKE_CXX_FLAGS_DEBUG:STRING=-g

//Flags used by the CXX compiler during MINSIZEREL builds.
CMAKE_CXX_FLAGS_MINSIZEREL:STRING=-Os -DNDEBUG

//Flags used by the CXX compiler during RELEASE builds.
CMAKE_CXX_FLAGS_RELEASE:STRING=-O3 -DNDEBUG

//Flags used by the CXX compiler during RELWITHDEBINFO builds.
CMAKE_CXX_FLAGS_RELWITHDEBINFO:STRING=-O2 -g -DNDEBUG

//C compiler
CMAKE_C_COMPILER:STRING=/Library/Developer/CommandLineTools/usr/bin/clang

//Flags used by the C compiler during all build types.
CMAKE_C_FLAGS:STRING=-ftree-vectorize -fPIC -fstack-protector-strong -O2 -pipe -isystem /opt/miniconda3/envs/coupled/include -ftree-vectorize -fPIC -fstack-protector-strong -O2 -pipe -isystem /opt/miniconda3/envs/coupled/include

//Flags used by the C compiler during DEBUG builds.
CMAKE_C_FLAGS_DEBUG:STRING=-g

//Flags used by the C compiler during MINSIZEREL builds.
CMAKE_C_FLAGS_MINSIZEREL:STRING=-Os -DNDEBUG

//Flags used by the C compiler during RELEASE builds.
CMAKE_C_FLAGS_RELEASE:STRING=-O3 -DNDEBUG

//Flags used by the C compiler during RELWITHDEBINFO builds.
CMAKE_C_FLAGS_RELWITHDEBINFO:STRING=-O2 -g -DNDEBUG

//Path to a program.
CMAKE_DLLTOOL:FILEPATH=CMAKE_DLLTOOL-NOTFOUND

//Flags used by the linker during all build types.
CMAKE_EXE_LINKER_FLAGS:STRING=-Wl,-headerpad_max_install_names -Wl,-dead_strip_dylibs -Wl,-rpath,/opt/miniconda3/envs/coupled/lib -L/opt/miniconda3/envs/coupled/lib -Wl,-headerpad_max_install_names -Wl,-dead_strip_dylibs -Wl,-rpath,/opt/miniconda3/envs/coupled/lib -L/opt/miniconda3/envs/coupled/lib

//Flags used by the linker during DEBUG builds.
CMAKE_EXE_LINKER_FLAGS_DEBUG:STRING=

//Flags used by the linker during MINSIZEREL builds.
CMAKE_EXE_LINKER_FLAGS_MINSIZEREL:STRING=

//Flags used by the linker during RELEASE builds.
CMAKE_EXE_LINKER_FLAGS_RELEASE:STRING=

//Flags used by the linker during RELWITHDEBINFO builds.
CMAKE_EXE_LINKER_FLAGS_RELWITHDEBINFO:STRING=

//Enable/Disable output of compile commands during generation.
CMAKE_EXPORT_COMPILE_COMMANDS:BOOL=

//Value Computed by CMake.
CMAKE_FIND_PACKAGE_REDIRECTS_DIR:STATIC=/Users/rakshakonanur/Documents/Research/Organoid-Project/coupled-multi-organoid-model/clones/svVascularize/tmp/solver-0d/CMakeFiles/pkgRedirects

//User executables (bin)
CMAKE_INSTALL_BINDIR:PATH=bin

//Read-only architecture-independent data (DATAROOTDIR)
CMAKE_INSTALL_DATADIR:PATH=

//Read-only architecture-independent data root (share)
CMAKE_INSTALL_DATAROOTDIR:PATH=share

//Documentation root (DATAROOTDIR/doc/PROJECT_NAME)
CMAKE_INSTALL_DOCDIR:PATH=

//C header files (include)
CMAKE_INSTALL_INCLUDEDIR:PATH=include

//Info documentation (DATAROOTDIR/info)
CMAKE_INSTALL_INFODIR:PATH=

//Object code libraries (lib)
CMAKE_INSTALL_LIBDIR:PATH=lib

//Program executables (libexec)
CMAKE_INSTALL_LIBEXECDIR:PATH=libexec

//Locale-dependent data (DATAROOTDIR/locale)
CMAKE_INSTALL_LOCALEDIR:PATH=

//Modifiable single-machine data (var)
CMAKE_INSTALL_LOCALSTATEDIR:PATH=var

//Man documentation (DATAROOTDIR/man)
CMAKE_INSTALL_MANDIR:PATH=

//Path to a program.
CMAKE_INSTALL_NAME_TOOL:FILEPATH=/usr/bin/install_name_tool

//C header files for non-gcc (/usr/include)
CMAKE_INSTALL_OLDINCLUDEDIR:PATH=/usr/include

//Install path prefix, prepended onto install directories.
CMAKE_INSTALL_PREFIX:PATH=/usr/local

//Run-time variable data (LOCALSTATEDIR/run)
CMAKE_INSTALL_RUNSTATEDIR:PATH=

//System admin executables (sbin)
CMAKE_INSTALL_SBINDIR:PATH=sbin

//Modifiable architecture-independent data (com)
CMAKE_INSTALL_SHAREDSTATEDIR:PATH=com

//Read-only single-machine data (etc)
CMAKE_INSTALL_SYSCONFDIR:PATH=etc

//Path to a program.
CMAKE_LINKER:FILEPATH=/Library/Developer/CommandLineTools/usr/bin/ld

//Path to a program.
CMAKE_MAKE_PROGRAM:FILEPATH=/opt/miniconda3/envs/coupled/bin/make

//Flags used by the linker during the creation of modules during
// all build types.
CMAKE_MODULE_LINKER_FLAGS:STRING=-Wl,-headerpad_max_install_names -Wl,-dead_strip_dylibs -Wl,-rpath,/opt/miniconda3/envs/coupled/lib -L/opt/miniconda3/envs/coupled/lib -Wl,-headerpad_max_install_names -Wl,-dead_strip_dylibs -Wl,-rpath,/opt/miniconda3/envs/coupled/lib -L/opt/miniconda3/envs/coupled/lib

//Flags used by the linker during the creation of modules during
// DEBUG builds.
CMAKE_MODULE_LINKER_FLAGS_DEBUG:STRING=

//Flags used by the linker during the creation of modules during
// MINSIZEREL builds.
CMAKE_MODULE_LINKER_FLAGS_MINSIZEREL:STRING=

//Flags used by the linker during the creation of modules during
// RELEASE builds.
CMAKE_MODULE_LINKER_FLAGS_RELEASE:STRING=

//Flags used by the linker during the creation of modules during
// RELWITHDEBINFO builds.
CMAKE_MODULE_LINKER_FLAGS_RELWITHDEBINFO:STRING=

//Path to a program.
CMAKE_NM:FILEPATH=/Library/Developer/CommandLineTools/usr/bin/nm

//Path to a program.
CMAKE_OBJCOPY:FILEPATH=CMAKE_OBJCOPY-NOTFOUND

//Path to a program.
CMAKE_OBJDUMP:FILEPATH=/Library/Developer/CommandLineTools/usr/bin/objdump

//Build architectures for OSX
CMAKE_OSX_ARCHITECTURES:STRING=

//Minimum OS X version to target for deployment (at runtime); newer
// APIs weak linked. Set to empty string for default value.
CMAKE_OSX_DEPLOYMENT_TARGET:STRING=11.0

//The product will be built against the headers and libraries located
// inside the indicated SDK.
CMAKE_OSX_SYSROOT:PATH=/Library/Developer/CommandLineTools/SDKs/MacOSX.sdk

//Value Computed by CMake
CMAKE_PROJECT_COMPAT_VERSION:STATIC=

//Value Computed by CMake
CMAKE_PROJECT_DESCRIPTION:STATIC=

//Value Computed by CMake
CMAKE_PROJECT_HOMEPAGE_URL:STATIC=

//Value Computed by CMake
CMAKE_PROJECT_NAME:STATIC=svZeroDSolver

//Value Computed by CMake
CMAKE_PROJECT_SPDX_LICENSE:STATIC=

//Value Computed by CMake
CMAKE_PROJECT_VERSION:STATIC=3.1.0

//Value Computed by CMake
CMAKE_PROJECT_VERSION_MAJOR:STATIC=3

//Value Computed by CMake
CMAKE_PROJECT_VERSION_MINOR:STATIC=1

//Value Computed by CMake
CMAKE_PROJECT_VERSION_PATCH:STATIC=0

//Value Computed by CMake
CMAKE_PROJECT_VERSION_TWEAK:STATIC=

//Path to a program.
CMAKE_RANLIB:FILEPATH=/Library/Developer/CommandLineTools/usr/bin/ranlib

//Path to a program.
CMAKE_READELF:FILEPATH=CMAKE_READELF-NOTFOUND

//Flags used by the linker during the creation of shared libraries
// during all build types.
CMAKE_SHARED_LINKER_FLAGS:STRING=-Wl,-headerpad_max_install_names -Wl,-dead_strip_dylibs -Wl,-rpath,/opt/miniconda3/envs/coupled/lib -L/opt/miniconda3/envs/coupled/lib -Wl,-headerpad_max_install_names -Wl,-dead_strip_dylibs -Wl,-rpath,/opt/miniconda3/envs/coupled/lib -L/opt/miniconda3/envs/coupled/lib

//Flags used by the linker during the creation of shared libraries
// during DEBUG builds.
CMAKE_SHARED_LINKER_FLAGS_DEBUG:STRING=

//Flags used by the linker during the creation of shared libraries
// during MINSIZEREL builds.
CMAKE_SHARED_LINKER_FLAGS_MINSIZEREL:STRING=

//Flags used by the linker during the creation of shared libraries
// during RELEASE builds.
CMAKE_SHARED_LINKER_FLAGS_RELEASE:STRING=

//Flags used by the linker during the creation of shared libraries
// during RELWITHDEBINFO builds.
CMAKE_SHARED_LINKER_FLAGS_RELWITHDEBINFO:STRING=

//If set, runtime paths are not added when installing shared libraries,
// but are added when building.
CMAKE_SKIP_INSTALL_RPATH:BOOL=NO

//If set, runtime paths are not added when using shared libraries.
CMAKE_SKIP_RPATH:BOOL=NO

//Flags used by the linker during the creation of static libraries
// during all build types.
CMAKE_STATIC_LINKER_FLAGS:STRING=

//Flags used by the linker during the creation of static libraries
// during DEBUG builds.
CMAKE_STATIC_LINKER_FLAGS_DEBUG:STRING=

//Flags used by the linker during the creation of static libraries
// during MINSIZEREL builds.
CMAKE_STATIC_LINKER_FLAGS_MINSIZEREL:STRING=

//Flags used by the linker during the creation of static libraries
// during RELEASE builds.
CMAKE_STATIC_LINKER_FLAGS_RELEASE:STRING=

//Flags used by the linker during the creation of static libraries
// during RELWITHDEBINFO builds.
CMAKE_STATIC_LINKER_FLAGS_RELWITHDEBINFO:STRING=

//Path to a program.
CMAKE_STRIP:FILEPATH=/Library/Developer/CommandLineTools/usr/bin/strip

//Path to a program.
CMAKE_TAPI:FILEPATH=/Library/Developer/CommandLineTools/usr/bin/tapi

//If this value is on, makefiles will be generated without the
// .SILENT directive, and all commands will be echoed to the console
// during the make.  This is useful for debugging only. With Visual
// Studio IDE projects all commands are done without /nologo.
CMAKE_VERBOSE_MAKEFILE:BOOL=FALSE

//build gtest from downloaded sources
DOWNLOAD_GTEST:BOOL=OFF

//Build AOCL benchmark
EIGEN_BUILD_AOCL_BENCH:BOOL=OFF

//Toggles the building of the Eigen Blas library
EIGEN_BUILD_BLAS:BOOL=OFF

//Build benchmark suite
EIGEN_BUILD_BTL:BOOL=OFF

//Enables the creation of EigenConfig.cmake and related files
EIGEN_BUILD_CMAKE_PACKAGE:BOOL=OFF

//Toggles the building of the Eigen demos
EIGEN_BUILD_DEMOS:BOOL=OFF

//Toggles the building of the included Eigen LAPACK library
EIGEN_BUILD_LAPACK:BOOL=OFF

//Build sparse benchmark suite
EIGEN_BUILD_SPBENCH:BOOL=OFF

//Enable creation of Eigen tests.
EIGEN_BUILD_TESTING:BOOL=OFF

EIGEN_BUILD_VERSION:STRING=

//Leaves tests in the all target, needed by ctest for automatic
// building.
EIGEN_LEAVE_TEST_IN_ALL_TARGET:BOOL=OFF

EIGEN_MAJOR_VERSION:STRING=5

EIGEN_MINOR_VERSION:STRING=0

EIGEN_PATCH_VERSION:STRING=1

EIGEN_VERSION_NUMBER:STRING=5.0.1

EIGEN_VERSION_STRING:STRING=5.0.1

EIGEN_WORLD_VERSION:STRING=3

//Enable code coverage
ENABLE_COVERAGE:BOOL=OFF

//Enable installer build
ENABLE_DISTRIBUTION:BOOL=OFF

//Value Computed by CMake
Eigen3_BINARY_DIR:STATIC=/Users/rakshakonanur/Documents/Research/Organoid-Project/coupled-multi-organoid-model/clones/svVascularize/tmp/solver-0d/_deps/eigen-build

//Value Computed by CMake
Eigen3_IS_TOP_LEVEL:STATIC=OFF

//Value Computed by CMake
Eigen3_SOURCE_DIR:STATIC=/Users/rakshakonanur/Documents/Research/Organoid-Project/coupled-multi-organoid-model/clones/svVascularize/tmp/solver-0d/_deps/eigen-src

//Directory under which to collect all populated content
FETCHCONTENT_BASE_DIR:PATH=/Users/rakshakonanur/Documents/Research/Organoid-Project/coupled-multi-organoid-model/clones/svVascularize/tmp/solver-0d/_deps

//Disables all attempts to download or update content and assumes
// source dirs already exist
FETCHCONTENT_FULLY_DISCONNECTED:BOOL=OFF

//Enables QUIET option for all content population
FETCHCONTENT_QUIET:BOOL=ON

//When not empty, overrides where to find pre-populated content
// for Eigen
FETCHCONTENT_SOURCE_DIR_EIGEN:PATH=

//When not empty, overrides where to find pre-populated content
// for json
FETCHCONTENT_SOURCE_DIR_JSON:PATH=

//When not empty, overrides where to find pre-populated content
// for pybind11
FETCHCONTENT_SOURCE_DIR_PYBIND11:PATH=

//When not empty, overrides where to find pre-populated content
// for pybind11_json
FETCHCONTENT_SOURCE_DIR_PYBIND11_JSON:PATH=

//Enables UPDATE_DISCONNECTED behavior for all content population
FETCHCONTENT_UPDATES_DISCONNECTED:BOOL=OFF

//Enables UPDATE_DISCONNECTED behavior just for population of Eigen
FETCHCONTENT_UPDATES_DISCONNECTED_EIGEN:BOOL=OFF

//Enables UPDATE_DISCONNECTED behavior just for population of json
FETCHCONTENT_UPDATES_DISCONNECTED_JSON:BOOL=OFF

//Enables UPDATE_DISCONNECTED behavior just for population of pybind11
FETCHCONTENT_UPDATES_DISCONNECTED_PYBIND11:BOOL=OFF

//Enables UPDATE_DISCONNECTED behavior just for population of pybind11_json
FETCHCONTENT_UPDATES_DISCONNECTED_PYBIND11_JSON:BOOL=OFF

//Git command line client
GIT_EXECUTABLE:FILEPATH=/usr/bin/git

//The directory relative to CMAKE_INSTALL_PREFIX where Eigen header
// files are installed
INCLUDE_INSTALL_DIR:PATH=include/eigen3

//Build the unit tests when BUILD_TESTING is enabled.
JSON_BuildTests:BOOL=OFF

//Enable CI build targets.
JSON_CI:BOOL=OFF

//Use extended diagnostic messages.
JSON_Diagnostics:BOOL=OFF

//Disable default integer enum serialization.
JSON_DisableEnumSerialization:BOOL=OFF

//Place use-defined string literals in the global namespace.
JSON_GlobalUDLs:BOOL=ON

//Enable implicit conversions.
JSON_ImplicitConversions:BOOL=ON

//Install CMake targets during install step.
JSON_Install:BOOL=OFF

//Enable legacy discarded value comparison.
JSON_LegacyDiscardedValueComparison:BOOL=OFF

//Use non-amalgamated version of the library.
JSON_MultipleHeaders:BOOL=ON

//Include as system headers (skip for clang-tidy).
JSON_SystemInclude:BOOL=OFF

//The directory relative to CMAKE_INSTALL_PREFIX where eigen3.pc
// is installed
PKGCONFIG_INSTALL_DIR:PATH=share/pkgconfig

//To enforce that a handle_type_name<> specialization exists
PYBIND11_DISABLE_HANDLE_TYPE_NAME_DEFAULT_IMPLEMENTATION:BOOL=OFF

//Force new FindPython - NEW, OLD, COMPAT
PYBIND11_FINDPYTHON:STRING=COMPAT

//Install pybind11 header files?
PYBIND11_INSTALL:BOOL=OFF

//Override the ABI version, may be used to enable the unstable
// ABI.
PYBIND11_INTERNALS_VERSION:STRING=

//install path for pybind11_jsonConfig.cmake
PYBIND11_JSON_CMAKECONFIG_INSTALL_DIR:STRING=share/cmake/pybind11_json

//Disable search for Python
PYBIND11_NOPYTHON:BOOL=OFF

PYBIND11_PYTHON_VERSION:STRING=3.8

//Use simpler GIL management logic that does not support disassociation
PYBIND11_SIMPLE_GIL_MANAGEMENT:BOOL=OFF

//Build pybind11 test suite?
PYBIND11_TEST:BOOL=OFF

//Respect CMAKE_CROSSCOMPILING
PYBIND11_USE_CROSSCOMPILING:BOOL=OFF

//Python Interpreter
Python_EXECUTABLE:FILEPATH=/opt/miniconda3/envs/coupled/bin/python3.11

//Python Include Directory
Python_INCLUDE_DIR:FILEPATH=/opt/miniconda3/envs/coupled/include/python3.11

//Python Library
Python_LIBRARY:FILEPATH=/opt/miniconda3/envs/coupled/lib/libpython3.11.dylib

//Value Computed by CMake
nlohmann_json_BINARY_DIR:STATIC=/Users/rakshakonanur/Documents/Research/Organoid-Project/coupled-multi-organoid-model/clones/svVascularize/tmp/solver-0d/_deps/json-build

//Value Computed by CMake
nlohmann_json_IS_TOP_LEVEL:STATIC=OFF

//Value Computed by CMake
nlohmann_json_SOURCE_DIR:STATIC=/Users/rakshakonanur/Documents/Research/Organoid-Project/coupled-multi-organoid-model/clones/svVascularize/tmp/solver-0d/_deps/json-src

//Value Computed by CMake
pybind11_BINARY_DIR:STATIC=/Users/rakshakonanur/Documents/Research/Organoid-Project/coupled-multi-organoid-model/clones/svVascularize/tmp/solver-0d/_deps/pybind11-build

//Value Computed by CMake
pybind11_IS_TOP_LEVEL:STATIC=OFF

//Value Computed by CMake
pybind11_SOURCE_DIR:STATIC=/Users/rakshakonanur/Documents/Research/Organoid-Project/coupled-multi-organoid-model/clones/svVascularize/tmp/solver-0d/_deps/pybind11-src

//Value Computed by CMake
pybind11_json_BINARY_DIR:STATIC=/Users/rakshakonanur/Documents/Research/Organoid-Project/coupled-multi-organoid-model/clones/svVascularize/tmp/solver-0d/_deps/pybind11_json-build

//Value Computed by CMake
pybind11_json_IS_TOP_LEVEL:STATIC=OFF

//Value Computed by CMake
pybind11_json_SOURCE_DIR:STATIC=/Users/rakshakonanur/Documents/Research/Organoid-Project/coupled-multi-organoid-model/clones/svVascularize/tmp/solver-0d/_deps/pybind11_json-src

//Value Computed by CMake
svZeroDSolver_BINARY_DIR:STATIC=/Users/rakshakonanur/Documents/Research/Organoid-Project/coupled-multi-organoid-model/clones/svVascularize/tmp/solver-0d

//Value Computed by CMake
svZeroDSolver_IS_TOP_LEVEL:STATIC=ON

//Value Computed by CMake
svZeroDSolver_SOURCE_DIR:STATIC=/Users/rakshakonanur/Documents/Research/Organoid-Project/coupled-multi-organoid-model/clones/svVascularize/svZeroDSolver/svZeroDSolver-3.0

//Dependencies for the target
svzero_interface_LIB_DEPENDS:STATIC=general;svzero_model_library;general;svzero_solve_library;


########################
# INTERNAL cache entries
########################

//Enable creation of tests.
BUILD_TESTING:INTERNAL=OFF
//ADVANCED property for variable: CMAKE_ADDR2LINE
CMAKE_ADDR2LINE-ADVANCED:INTERNAL=1
//ADVANCED property for variable: CMAKE_AR
CMAKE_AR-ADVANCED:INTERNAL=1
//This is the directory where this CMakeCache.txt was created
CMAKE_CACHEFILE_DIR:INTERNAL=/Users/rakshakonanur/Documents/Research/Organoid-Project/coupled-multi-organoid-model/clones/svVascularize/tmp/solver-0d
//Major version of cmake used to create the current loaded cache
CMAKE_CACHE_MAJOR_VERSION:INTERNAL=4
//Minor version of cmake used to create the current loaded cache
CMAKE_CACHE_MINOR_VERSION:INTERNAL=2
//Patch version of cmake used to create the current loaded cache
CMAKE_CACHE_PATCH_VERSION:INTERNAL=1
//ADVANCED property for variable: CMAKE_COLOR_MAKEFILE
CMAKE_COLOR_MAKEFILE-ADVANCED:INTERNAL=1
//Path to CMake executable.
CMAKE_COMMAND:INTERNAL=/private/var/folders/w9/1m4r7w0n2sd_91m1gr6yykqc0000gn/T/pip-build-env-oy4jkggb/overlay/lib/python3.11/site-packages/cmake/data/bin/cmake
//Path to cpack program executable.
CMAKE_CPACK_COMMAND:INTERNAL=/private/var/folders/w9/1m4r7w0n2sd_91m1gr6yykqc0000gn/T/pip-build-env-oy4jkggb/overlay/lib/python3.11/site-packages/cmake/data/bin/cpack
//Path to ctest program executable.
CMAKE_CTEST_COMMAND:INTERNAL=/private/var/folders/w9/1m4r7w0n2sd_91m1gr6yykqc0000gn/T/pip-build-env-oy4jkggb/overlay/lib/python3.11/site-packages/cmake/data/bin/ctest
//ADVANCED property for variable: CMAKE_CXX_COMPILER
CMAKE_CXX_COMPILER-ADVANCED:INTERNAL=1
//ADVANCED property for variable: CMAKE_CXX_FLAGS
CMAKE_CXX_FLAGS-ADVANCED:INTERNAL=1
//ADVANCED property for variable: CMAKE_CXX_FLAGS_DEBUG
CMAKE_CXX_FLAGS_DEBUG-ADVANCED:INTERNAL=1
//ADVANCED property for variable: CMAKE_CXX_FLAGS_MINSIZEREL
CMAKE_CXX_FLAGS_MINSIZEREL-ADVANCED:INTERNAL=1
//ADVANCED property for variable: CMAKE_CXX_FLAGS_RELEASE
CMAKE_CXX_FLAGS_RELEASE-ADVANCED:INTERNAL=1
//ADVANCED property for variable: CMAKE_CXX_FLAGS_RELWITHDEBINFO
CMAKE_CXX_FLAGS_RELWITHDEBINFO-ADVANCED:INTERNAL=1
//ADVANCED property for variable: CMAKE_C_COMPILER
CMAKE_C_COMPILER-ADVANCED:INTERNAL=1
//ADVANCED property for variable: CMAKE_C_FLAGS
CMAKE_C_FLAGS-ADVANCED:INTERNAL=1
//ADVANCED property for variable: CMAKE_C_FLAGS_DEBUG
CMAKE_C_FLAGS_DEBUG-ADVANCED:INTERNAL=1
//ADVANCED property for variable: CMAKE_C_FLAGS_MINSIZEREL
CMAKE_C_FLAGS_MINSIZEREL-ADVANCED:INTERNAL=1
//ADVANCED property for variable: CMAKE_C_FLAGS_RELEASE
CMAKE_C_FLAGS_RELEASE-ADVANCED:INTERNAL=1
//ADVANCED property for variable: CMAKE_C_FLAGS_RELWITHDEBINFO
CMAKE_C_FLAGS_RELWITHDEBINFO-ADVANCED:INTERNAL=1
//ADVANCED property for variable: CMAKE_DLLTOOL
CMAKE_DLLTOOL-ADVANCED:INTERNAL=1
//Path to cache edit program executable.
CMAKE_EDIT_COMMAND:INTERNAL=/opt/miniconda3/envs/coupled/bin/ccmake
//Executable file format
CMAKE_EXECUTABLE_FORMAT:INTERNAL=MACHO
//ADVANCED property for variable: CMAKE_EXE_LINKER_FLAGS
CMAKE_EXE_LINKER_FLAGS-ADVANCED:INTERNAL=1
//ADVANCED property for variable: CMAKE_EXE_LINKER_FLAGS_DEBUG
CMAKE_EXE_LINKER_FLAGS_DEBUG-ADVANCED:INTERNAL=1
//ADVANCED property for variable: CMAKE_EXE_LINKER_FLAGS_MINSIZEREL
CMAKE_EXE_LINKER_FLAGS_MINSIZEREL-ADVANCED:INTERNAL=1
//ADVANCED property for variable: CMAKE_EXE_LINKER_FLAGS_RELEASE
CMAKE_EXE_LINKER_FLAGS_RELEASE-ADVANCED:INTERNAL=1
//ADVANCED property for variable: CMAKE_EXE_LINKER_FLAGS_RELWITHDEBINFO
CMAKE_EXE_LINKER_FLAGS_RELWITHDEBINFO-ADVANCED:INTERNAL=1
//ADVANCED property for variable: CMAKE_EXPORT_COMPILE_COMMANDS
CMAKE_EXPORT_COMPILE_COMMANDS-ADVANCED:INTERNAL=1
//Name of external makefile project generator.
CMAKE_EXTRA_GENERATOR:INTERNAL=
//Name of generator.
CMAKE_GENERATOR:INTERNAL=Unix Makefiles
//Generator instance identifier.
CMAKE_GENERATOR_INSTANCE:INTERNAL=
//Name of generator platform.
CMAKE_GENERATOR_PLATFORM:INTERNAL=
//Name of generator toolset.
CMAKE_GENERATOR_TOOLSET:INTERNAL=
//Source directory with the top level CMakeLists.txt file for this
// project
CMAKE_HOME_DIRECTORY:INTERNAL=/Users/rakshakonanur/Documents/Research/Organoid-Project/coupled-multi-organoid-model/clones/svVascularize/svZeroDSolver/svZeroDSolver-3.0
//ADVANCED property for variable: CMAKE_INSTALL_BINDIR
CMAKE_INSTALL_BINDIR-ADVANCED:INTERNAL=1
//ADVANCED property for variable: CMAKE_INSTALL_DATADIR
CMAKE_INSTALL_DATADIR-ADVANCED:INTERNAL=1
//ADVANCED property for variable: CMAKE_INSTALL_DATAROOTDIR
CMAKE_INSTALL_DATAROOTDIR-ADVANCED:INTERNAL=1
//ADVANCED property for variable: CMAKE_INSTALL_DOCDIR
CMAKE_INSTALL_DOCDIR-ADVANCED:INTERNAL=1
//ADVANCED property for variable: CMAKE_INSTALL_INCLUDEDIR
CMAKE_INSTALL_INCLUDEDIR-ADVANCED:INTERNAL=1
//ADVANCED property for variable: CMAKE_INSTALL_INFODIR
CMAKE_INSTALL_INFODIR-ADVANCED:INTERNAL=1
//ADVANCED property for variable: CMAKE_INSTALL_LIBDIR
CMAKE_INSTALL_LIBDIR-ADVANCED:INTERNAL=1
//ADVANCED property for variable: CMAKE_INSTALL_LIBEXECDIR
CMAKE_INSTALL_LIBEXECDIR-ADVANCED:INTERNAL=1
//ADVANCED property for variable: CMAKE_INSTALL_LOCALEDIR
CMAKE_INSTALL_LOCALEDIR-ADVANCED:INTERNAL=1
//ADVANCED property for variable: CMAKE_INSTALL_LOCALSTATEDIR
CMAKE_INSTALL_LOCALSTATEDIR-ADVANCED:INTERNAL=1
//ADVANCED property for variable: CMAKE_INSTALL_MANDIR
CMAKE_INSTALL_MANDIR-ADVANCED:INTERNAL=1
//ADVANCED property for variable: CMAKE_INSTALL_NAME_TOOL
CMAKE_INSTALL_NAME_TOOL-ADVANCED:INTERNAL=1
//ADVANCED property for variable: CMAKE_INSTALL_OLDINCLUDEDIR
CMAKE_INSTALL_OLDINCLUDEDIR-ADVANCED:INTERNAL=1
//ADVANCED property for variable: CMAKE_INSTALL_RUNSTATEDIR
CMAKE_INSTALL_RUNSTATEDIR-ADVANCED:INTERNAL=1
//ADVANCED property for variable: CMAKE_INSTALL_SBINDIR
CMAKE_INSTALL_SBINDIR-ADVANCED:INTERNAL=1
//ADVANCED property for variable: CMAKE_INSTALL_SHAREDSTATEDIR
CMAKE_INSTALL_SHAREDSTATEDIR-ADVANCED:INTERNAL=1
//ADVANCED property for variable: CMAKE_INSTALL_SYSCONFDIR
CMAKE_INSTALL_SYSCONFDIR-ADVANCED:INTERNAL=1
//ADVANCED property for variable: CMAKE_LINKER
CMAKE_LINKER-ADVANCED:INTERNAL=1
//Name of CMakeLists files to read
CMAKE_LIST_FILE_NAME:INTERNAL=CMakeLists.txt
//ADVANCED property for variable: CMAKE_MAKE_PROGRAM
CMAKE_MAKE_PROGRAM-ADVANCED:INTERNAL=1
//ADVANCED property for variable: CMAKE_MODULE_LINKER_FLAGS
CMAKE_MODULE_LINKER_FLAGS-ADVANCED:INTERNAL=1
//ADVANCED property for variable: CMAKE_MODULE_LINKER_FLAGS_DEBUG
CMAKE_MODULE_LINKER_FLAGS_DEBUG-ADVANCED:INTERNAL=1
//ADVANCED property for variable: CMAKE_MODULE_LINKER_FLAGS_MINSIZEREL
CMAKE_MODULE_LINKER_FLAGS_MINSIZEREL-ADVANCED:INTERNAL=1
//ADVANCED property for variable: CMAKE_MODULE_LINKER_FLAGS_RELEASE
CMAKE_MODULE_LINKER_FLAGS_RELEASE-ADVANCED:INTERNAL=1
//ADVANCED property for variable: CMAKE_MODULE_LINKER_FLAGS_RELWITHDEBINFO
CMAKE_MODULE_LINKER_FLAGS_RELWITHDEBINFO-ADVANCED:INTERNAL=1
//ADVANCED property for variable: CMAKE_NM
CMAKE_NM-ADVANCED:INTERNAL=1
//number of local generators
CMAKE_NUMBER_OF_MAKEFILES:INTERNAL=14
//ADVANCED property for variable: CMAKE_OBJCOPY
CMAKE_OBJCOPY-ADVANCED:INTERNAL=1
//ADVANCED property for variable: CMAKE_OBJDUMP
CMAKE_OBJDUMP-ADVANCED:INTERNAL=1
//Platform information initialized
CMAKE_PLATFORM_INFO_INITIALIZED:INTERNAL=1
//ADVANCED property for variable: CMAKE_RANLIB
CMAKE_RANLIB-ADVANCED:INTERNAL=1
//ADVANCED property for variable: CMAKE_READELF
CMAKE_READELF-ADVANCED:INTERNAL=1
//Path to CMake installation.
CMAKE_ROOT:INTERNAL=/private/var/folders/w9/1m4r7w0n2sd_91m1gr6yykqc0000gn/T/pip-build-env-oy4jkggb/overlay/lib/python3.11/site-packages/cmake/data/share/cmake-4.2
//ADVANCED property for variable: CMAKE_SHARED_LINKER_FLAGS
CMAKE_SHARED_LINKER_FLAGS-ADVANCED:INTERNAL=1
//ADVANCED property for variable: CMAKE_SHARED_LINKER_FLAGS_DEBUG
CMAKE_SHARED_LINKER_FLAGS_DEBUG-ADVANCED:INTERNAL=1
//ADVANCED property for variable: CMAKE_SHARED_LINKER_FLAGS_MINSIZEREL
CMAKE_SHARED_LINKER_FLAGS_MINSIZEREL-ADVANCED:INTERNAL=1
//ADVANCED property for variable: CMAKE_SHARED_LINKER_FLAGS_RELEASE
CMAKE_SHARED_LINKER_FLAGS_RELEASE-ADVANCED:INTERNAL=1
//ADVANCED property for variable: CMAKE_SHARED_LINKER_FLAGS_RELWITHDEBINFO
CMAKE_SHARED_LINKER_FLAGS_RELWITHDEBINFO-ADVANCED:INTERNAL=1
//ADVANCED property for variable: CMAKE_SKIP_INSTALL_RPATH
CMAKE_SKIP_INSTALL_RPATH-ADVANCED:INTERNAL=1
//ADVANCED property for variable: CMAKE_SKIP_RPATH
CMAKE_SKIP_RPATH-ADVANCED:INTERNAL=1
//ADVANCED property for variable: CMAKE_STATIC_LINKER_FLAGS
CMAKE_STATIC_LINKER_FLAGS-ADVANCED:INTERNAL=1
//ADVANCED property for variable: CMAKE_STATIC_LINKER_FLAGS_DEBUG
CMAKE_STATIC_LINKER_FLAGS_DEBUG-ADVANCED:INTERNAL=1
//ADVANCED property for variable: CMAKE_STATIC_LINKER_FLAGS_MINSIZEREL
CMAKE_STATIC_LINKER_FLAGS_MINSIZEREL-ADVANCED:INTERNAL=1
//ADVANCED property for variable: CMAKE_STATIC_LINKER_FLAGS_RELEASE
CMAKE_STATIC_LINKER_FLAGS_RELEASE-ADVANCED:INTERNAL=1
//ADVANCED property for variable: CMAKE_STATIC_LINKER_FLAGS_RELWITHDEBINFO
CMAKE_STATIC_LINKER_FLAGS_RELWITHDEBINFO-ADVANCED:INTERNAL=1
//ADVANCED property for variable: CMAKE_STRIP
CMAKE_STRIP-ADVANCED:INTERNAL=1
//ADVANCED property for variable: CMAKE_TAPI
CMAKE_TAPI-ADVANCED:INTERNAL=1
//uname command
CMAKE_UNAME:INTERNAL=/usr/bin/uname
//ADVANCED property for variable: CMAKE_VERBOSE_MAKEFILE
CMAKE_VERBOSE_MAKEFILE-ADVANCED:INTERNAL=1
//Details about finding Python
FIND_PACKAGE_MESSAGE_DETAILS_Python:INTERNAL=[/opt/miniconda3/envs/coupled/bin/python3.11][/opt/miniconda3/envs/coupled/include/python3.11][found components: Interpreter Development.Module Development.Embed ][v3.11.14(3.8)]
//ADVANCED property for variable: GIT_EXECUTABLE
GIT_EXECUTABLE-ADVANCED:INTERNAL=1
//Test HAS_FLTO
HAS_FLTO:INTERNAL=1
//Test HAS_FLTO_THIN
HAS_FLTO_THIN:INTERNAL=1
NLOHMANN_JSON_CONFIG_INSTALL_DIR:INTERNAL=share/cmake/nlohmann_json
PYBIND11_INCLUDE_DIR:INTERNAL=/Users/rakshakonanur/Documents/Research/Organoid-Project/coupled-multi-organoid-model/clones/svVascularize/tmp/solver-0d/_deps/pybind11-src/include
//Python executable during the last CMake run
PYBIND11_PYTHON_EXECUTABLE_LAST:INTERNAL=/opt/miniconda3/envs/coupled/bin/python3.11
//Python debug status
PYTHON_IS_DEBUG:INTERNAL=0
PYTHON_MODULE_DEBUG_POSTFIX:INTERNAL=
PYTHON_MODULE_EXTENSION:INTERNAL=.cpython-311-darwin.so
Python_VERSION:INTERNAL=3.11.14
Python_VERSION_MAJOR:INTERNAL=3
Python_VERSION_MINOR:INTERNAL=11
Python_VERSION_PATCH:INTERNAL=11
//CMAKE_INSTALL_PREFIX during last run
_GNUInstallDirs_LAST_CMAKE_INSTALL_PREFIX:INTERNAL=/usr/local
_PYBIND11_CROSSCOMPILING:INTERNAL=OFF
_Python:INTERNAL=Python
//Compiler reason failure
_Python_Compiler_REASON_FAILURE:INTERNAL=
_Python_DEVELOPMENT_EMBED_SIGNATURE:INTERNAL=b687a118cb5df1d0ddc60436340a8de2
_Python_DEVELOPMENT_MODULE_SIGNATURE:INTERNAL=a6103acc966606932dbbfaa80f51c8a5
//Development reason failure
_Python_Development_REASON_FAILURE:INTERNAL=
_Python_EXECUTABLE:INTERNAL=/opt/miniconda3/envs/coupled/bin/python3.11
_Python_INCLUDE_DIR:INTERNAL=/opt/miniconda3/envs/coupled/include/python3.11
//Python Properties
_Python_INTERPRETER_PROPERTIES:INTERNAL=Python;3;11;11;64;<none>;cpython-311-darwin;abi3;/opt/miniconda3/envs/coupled/lib/python3.11;/opt/miniconda3/envs/coupled/lib/python3.11;/opt/miniconda3/envs/coupled/lib/python3.11/site-packages;/opt/miniconda3/envs/coupled/lib/python3.11/site-packages
_Python_INTERPRETER_SIGNATURE:INTERNAL=5624fee0f9ada8becf6092cd5f0d456f
//Interpreter reason failure
_Python_Interpreter_REASON_FAILURE:INTERNAL=
_Python_LIBRARY_RELEASE:INTERNAL=/opt/miniconda3/envs/coupled/lib/libpython3.11.dylib
//NumPy reason failure
_Python_NumPy_REASON_FAILURE:INTERNAL=
//True if pybind11 and all required components found on the system
pybind11_FOUND:INTERNAL=TRUE
//Directory where pybind11 headers are located
pybind11_INCLUDE_DIR:INTERNAL=/Users/rakshakonanur/Documents/Research/Organoid-Project/coupled-multi-organoid-model/clones/svVascularize/tmp/solver-0d/_deps/pybind11-src/include
//Directories where pybind11 and possibly Python headers are located
pybind11_INCLUDE_DIRS:INTERNAL=/Users/rakshakonanur/Documents/Research/Organoid-Project/coupled-multi-organoid-model/clones/svVascularize/tmp/solver-0d/_deps/pybind11-src/include;/opt/miniconda3/envs/coupled/include/python3.11

